<html>
<head>
<title>TestNG:  Register Validation</title>
<link href="../testng.css" rel="stylesheet" type="text/css" />
<link href="../my-testng.css" rel="stylesheet" type="text/css" />

<style type="text/css">
.log { display: none;} 
.stack-trace { display: none;} 
</style>
<script type="text/javascript">
<!--
function flip(e) {
  current = e.style.display;
  if (current == 'block') {
    e.style.display = 'none';
    return 0;
  }
  else {
    e.style.display = 'block';
    return 1;
  }
}

function toggleBox(szDivId, elem, msg1, msg2)
{
  var res = -1;  if (document.getElementById) {
    res = flip(document.getElementById(szDivId));
  }
  else if (document.all) {
    // this is the way old msie versions work
    res = flip(document.all[szDivId]);
  }
  if(elem) {
    if(res == 0) elem.innerHTML = msg1; else elem.innerHTML = msg2;
  }

}

function toggleAllBoxes() {
  if (document.getElementsByTagName) {
    d = document.getElementsByTagName('div');
    for (i = 0; i < d.length; i++) {
      if (d[i].className == 'log') {
        flip(d[i]);
      }
    }
  }
}

// -->
</script>

</head>
<body>
<h2 align='center'>Register Validation</h2><table border='1' align="center">
<tr>
<td>Tests passed/Failed/Skipped:</td><td>10/1/0</td>
</tr><tr>
<td>Started on:</td><td>Tue Dec 29 20:16:02 IST 2020</td>
</tr>
<tr><td>Total time:</td><td>174 seconds (174153 ms)</td>
</tr><tr>
<td>Included groups:</td><td></td>
</tr><tr>
<td>Excluded groups:</td><td></td>
</tr>
</table><p/>
<small><i>(Hover the method name to see the test class name)</i></small><p/>
<table width='100%' border='1' class='invocation-failed'>
<tr><td colspan='4' align='center'><b>FAILED TESTS</b></td></tr>
<tr><td><b>Test method</b></td>
<td width="30%"><b>Exception</b></td>
<td width="10%"><b>Time (seconds)</b></td>
<td><b>Instance</b></td>
</tr>
<tr>
<td title='TestCases.RegisterValidation.verifySignUp()'><b>verifySignUp</b><br>Test class: TestCases.RegisterValidation<br>Parameters: sen1@gmail.com, S, Star, sen1@gmail.com, 2147483647, Australia</td>
<td><div><pre>java.lang.AssertionError: expected [false] but found [1]
	at Pages.Register.Signup(Register.java:37)
	at TestCases.RegisterValidation.verifySignUp(RegisterValidation.java:60)
... Removed 30 stack frames</pre></div><a href='#' onClick='toggleBox("stack-trace13990939", this, "Click to show all stack frames", "Click to hide stack frames")'>Click to show all stack frames</a>
<div class='stack-trace' id='stack-trace13990939'><pre>java.lang.AssertionError: expected [false] but found [1]
	at org.testng.Assert.fail(Assert.java:96)
	at org.testng.Assert.failNotEquals(Assert.java:776)
	at org.testng.Assert.assertEqualsImpl(Assert.java:137)
	at org.testng.Assert.assertEquals(Assert.java:118)
	at org.testng.Assert.assertEquals(Assert.java:442)
	at Pages.Register.Signup(Register.java:37)
	at TestCases.RegisterValidation.verifySignUp(RegisterValidation.java:60)
	at sun.reflect.NativeMethodAccessorImpl.invoke0(Native Method)
	at sun.reflect.NativeMethodAccessorImpl.invoke(NativeMethodAccessorImpl.java:62)
	at sun.reflect.DelegatingMethodAccessorImpl.invoke(DelegatingMethodAccessorImpl.java:43)
	at java.lang.reflect.Method.invoke(Method.java:498)
	at org.testng.internal.MethodInvocationHelper.invokeMethod(MethodInvocationHelper.java:124)
	at org.testng.internal.Invoker.invokeMethod(Invoker.java:583)
	at org.testng.internal.Invoker.invokeTestMethod(Invoker.java:719)
	at org.testng.internal.Invoker.invokeTestMethods(Invoker.java:989)
	at org.testng.internal.TestMethodWorker.invokeTestMethods(TestMethodWorker.java:125)
	at org.testng.internal.TestMethodWorker.run(TestMethodWorker.java:109)
	at org.testng.TestRunner.privateRun(TestRunner.java:648)
	at org.testng.TestRunner.run(TestRunner.java:505)
	at org.testng.SuiteRunner.runTest(SuiteRunner.java:455)
	at org.testng.SuiteRunner.runSequentially(SuiteRunner.java:450)
	at org.testng.SuiteRunner.privateRun(SuiteRunner.java:415)
	at org.testng.SuiteRunner.run(SuiteRunner.java:364)
	at org.testng.SuiteRunnerWorker.runSuite(SuiteRunnerWorker.java:52)
	at org.testng.SuiteRunnerWorker.run(SuiteRunnerWorker.java:84)
	at org.testng.TestNG.runSuitesSequentially(TestNG.java:1208)
	at org.testng.TestNG.runSuitesLocally(TestNG.java:1137)
	at org.testng.TestNG.runSuites(TestNG.java:1049)
	at org.testng.TestNG.run(TestNG.java:1017)
	at org.testng.remote.AbstractRemoteTestNG.run(AbstractRemoteTestNG.java:115)
	at org.testng.remote.RemoteTestNG.initAndRun(RemoteTestNG.java:251)
	at org.testng.remote.RemoteTestNG.main(RemoteTestNG.java:77)
</pre></div></td>
<td>4</td>
<td>TestCases.RegisterValidation@1c2b765</td></tr>
</table><p>
<table width='100%' border='1' class='invocation-passed'>
<tr><td colspan='4' align='center'><b>PASSED TESTS</b></td></tr>
<tr><td><b>Test method</b></td>
<td width="30%"><b>Exception</b></td>
<td width="10%"><b>Time (seconds)</b></td>
<td><b>Instance</b></td>
</tr>
<tr>
<td title='TestCases.RegisterValidation.verifySignUp()'><b>verifySignUp</b><br>Test class: TestCases.RegisterValidation<br>Parameters: sen1063@gmail.com, Senthil, Raju, sen1063@gmail.com, 2147483647, India</td>
<td></td>
<td>5</td>
<td>TestCases.RegisterValidation@1c2b765</td></tr>
<tr>
<td title='TestCases.RegisterValidation.verifySignUp()'><b>verifySignUp</b><br>Test class: TestCases.RegisterValidation<br>Parameters: sengmail.com, SenRaju, R, sengmail.com, 898989898, Argentina</td>
<td></td>
<td>5</td>
<td>TestCases.RegisterValidation@1c2b765</td></tr>
<tr>
<td title='TestCases.RegisterValidation.verifySignUp()'><b>verifySignUp</b><br>Test class: TestCases.RegisterValidation<br>Parameters: cbrian0@imgur.com, Cammie, Brian, cbrian0@imgur.com, 2147483647, Indonesia</td>
<td></td>
<td>5</td>
<td>TestCases.RegisterValidation@1c2b765</td></tr>
<tr>
<td title='TestCases.RegisterValidation.verifySignUp()'><b>verifySignUp</b><br>Test class: TestCases.RegisterValidation<br>Parameters: mgladman1@rambler.ru, Michaeline, Gladman, mgladman1@rambler.ru, 2512163, Poland</td>
<td></td>
<td>5</td>
<td>TestCases.RegisterValidation@1c2b765</td></tr>
<tr>
<td title='TestCases.RegisterValidation.verifySignUp()'><b>verifySignUp</b><br>Test class: TestCases.RegisterValidation<br>Parameters: kortes2@walmart.com, Keith, Ortes, kortes2@walmart.com, 202020, Paraguay</td>
<td></td>
<td>8</td>
<td>TestCases.RegisterValidation@1c2b765</td></tr>
<tr>
<td title='TestCases.RegisterValidation.verifySignUp()'><b>verifySignUp</b><br>Test class: TestCases.RegisterValidation<br>Parameters: agribbin3@amazon.co.uk, Amandie, Gribbin, agribbin3@amazon.co.uk, 2147483647, Philippines</td>
<td></td>
<td>5</td>
<td>TestCases.RegisterValidation@1c2b765</td></tr>
<tr>
<td title='TestCases.RegisterValidation.verifySignUp()'><b>verifySignUp</b><br>Test class: TestCases.RegisterValidation<br>Parameters: llegging4@alexa.com, Lesley, Legging, llegging4@alexa.com, 2147483647, China</td>
<td></td>
<td>5</td>
<td>TestCases.RegisterValidation@1c2b765</td></tr>
<tr>
<td title='TestCases.RegisterValidation.verifySignUp()'><b>verifySignUp</b><br>Test class: TestCases.RegisterValidation<br>Parameters: callmond5@eventbrite.com, Cassandre, Allmond, callmond5@eventbrite.com, 2147483647, Sweden</td>
<td></td>
<td>4</td>
<td>TestCases.RegisterValidation@1c2b765</td></tr>
<tr>
<td title='TestCases.RegisterValidation.verifySignUp()'><b>verifySignUp</b><br>Test class: TestCases.RegisterValidation<br>Parameters: gkeeting6@is.gd, Gherardo, Keeting, gkeeting6@is.gd, 25224251, China</td>
<td></td>
<td>5</td>
<td>TestCases.RegisterValidation@1c2b765</td></tr>
<tr>
<td title='TestCases.RegisterValidation.verifySignUp()'><b>verifySignUp</b><br>Test class: TestCases.RegisterValidation<br>Parameters: amattek7@newsvine.com, Andriana, Mattek, amattek7@newsvine.com, 2147483647, Russia</td>
<td></td>
<td>6</td>
<td>TestCases.RegisterValidation@1c2b765</td></tr>
</table><p>
</body>
</html>