<?xml version="1.0" encoding="UTF-8"?>
<!-- Generated by org.testng.reporters.JUnitXMLReporter -->
<testsuite hostname="LAPTOP-3M4V40Q9" ignored="0" name="Register Validation" tests="11" failures="1" timestamp="29 Dec 2020 14:48:56 GMT" time="174.153" errors="0">
  <testcase name="verifySignUp" time="5.714" classname="TestCases.RegisterValidation"/>
  <testcase name="verifySignUp" time="4.329" classname="TestCases.RegisterValidation">
    <failure type="java.lang.AssertionError" message="expected [false] but found [1]">
      <![CDATA[java.lang.AssertionError: expected [false] but found [1]
at Pages.Register.Signup(Register.java:37)
at TestCases.RegisterValidation.verifySignUp(RegisterValidation.java:60)
... Removed 30 stack frames]]>
    </failure>
  </testcase> <!-- verifySignUp -->
  <testcase name="verifySignUp" time="5.156" classname="TestCases.RegisterValidation"/>
  <testcase name="verifySignUp" time="5.868" classname="TestCases.RegisterValidation"/>
  <testcase name="verifySignUp" time="5.642" classname="TestCases.RegisterValidation"/>
  <testcase name="verifySignUp" time="8.792" classname="TestCases.RegisterValidation"/>
  <testcase name="verifySignUp" time="5.428" classname="TestCases.RegisterValidation"/>
  <testcase name="verifySignUp" time="5.881" classname="TestCases.RegisterValidation"/>
  <testcase name="verifySignUp" time="4.144" classname="TestCases.RegisterValidation"/>
  <testcase name="verifySignUp" time="5.65" classname="TestCases.RegisterValidation"/>
  <testcase name="verifySignUp" time="6.038" classname="TestCases.RegisterValidation"/>
</testsuite> <!-- Register Validation -->
